The target system is: Android - 1 - armv7-a
The host system is: Android - 6.6.66-android15-8-g29d86c5fc9dd-abogki428889875-4k - aarch64
Compiling the C compiler identification source file "CMakeCCompilerId.c" succeeded.
Compiler: /data/user/0/com.tom.rv2ide/files/home/android-sdk/ndk/28.2.13676358/toolchains/llvm/prebuilt/linux-arm64/bin/clang 
Build flags: -g;-DANDROID;-fdata-sections;-ffunction-sections;-funwind-tables;-fstack-protector-strong;-no-canonical-prefixes;-D_FORTIFY_SOURCE=2;-march=armv7-a;-mthumb;-Wformat;-Werror=format-security;
Id flags: -c;--target=armv7-none-linux-androideabi21 

The output was:
0


Compilation of the C compiler identification source "CMakeCCompilerId.c" produced "CMakeCCompilerId.o"

The C compiler identification is Clang, found in "/storage/emulated/0/AndroidIDEProjects/AcTermux/terminal-merminal/.cxx/Debug/5r3416u2/armeabi-v7a/CMakeFiles/3.25.1/CompilerIdC/CMakeCCompilerId.o"

Compiling the CXX compiler identification source file "CMakeCXXCompilerId.cpp" succeeded.
Compiler: /data/user/0/com.tom.rv2ide/files/home/android-sdk/ndk/28.2.13676358/toolchains/llvm/prebuilt/linux-arm64/bin/clang++ 
Build flags: -g;-DANDROID;-fdata-sections;-ffunction-sections;-funwind-tables;-fstack-protector-strong;-no-canonical-prefixes;-D_FORTIFY_SOURCE=2;-march=armv7-a;-mthumb;-Wformat;-Werror=format-security;;
Id flags: -c;--target=armv7-none-linux-androideabi21 

The output was:
0


Compilation of the CXX compiler identification source "CMakeCXXCompilerId.cpp" produced "CMakeCXXCompilerId.o"

The CXX compiler identification is Clang, found in "/storage/emulated/0/AndroidIDEProjects/AcTermux/terminal-merminal/.cxx/Debug/5r3416u2/armeabi-v7a/CMakeFiles/3.25.1/CompilerIdCXX/CMakeCXXCompilerId.o"

Detecting C compiler ABI info compiled with the following output:
Change Dir: /storage/emulated/0/AndroidIDEProjects/AcTermux/terminal-merminal/.cxx/Debug/5r3416u2/armeabi-v7a/CMakeFiles/CMakeScratch/TryCompile-CTfSgT

Run Build Command(s):/data/user/0/com.tom.rv2ide/files/home/android-sdk/cmake/3.25.1/bin/ninja cmTC_c7e80 && [1/2] Building C object CMakeFiles/cmTC_c7e80.dir/CMakeCCompilerABI.c.o
Android clang version 19.0.0 (https://github.com/HomuHomu833/llvm-custom 2598f0b84cec59a680d0cdc4891e20689593b008)
Target: armv7-none-linux-android21
Thread model: posix
InstalledDir: /data/user/0/com.tom.rv2ide/files/home/android-sdk/ndk/28.2.13676358/toolchains/llvm/prebuilt/linux-arm64/bin
 (in-process)
 "/data/user/0/com.tom.rv2ide/files/home/android-sdk/ndk/28.2.13676358/toolchains/llvm/prebuilt/linux-arm64/bin/clang" -cc1 -triple thumbv7-none-linux-android21 -emit-obj -mrelax-all -disable-free -clear-ast-before-backend -disable-llvm-verifier -discard-value-names -main-file-name CMakeCCompilerABI.c -mrelocation-model pic -pic-level 2 -pic-is-pie -mframe-pointer=all -ffp-contract=on -fno-rounding-math -mconstructor-aliases -funwind-tables=1 -target-cpu generic -target-feature +soft-float-abi -target-feature +vfp2 -target-feature +vfp2sp -target-feature +vfp3 -target-feature +vfp3d16 -target-feature +vfp3d16sp -target-feature +vfp3sp -target-feature -fp16 -target-feature -vfp4 -target-feature -vfp4d16 -target-feature -vfp4d16sp -target-feature -vfp4sp -target-feature -fp-armv8 -target-feature -fp-armv8d16 -target-feature -fp-armv8d16sp -target-feature -fp-armv8sp -target-feature -fullfp16 -target-feature +fp64 -target-feature +d32 -target-feature +neon -target-feature -sha2 -target-feature -aes -target-feature -fp16fml -target-abi aapcs-linux -mfloat-abi soft -debug-info-kind=constructor -dwarf-version=4 -debugger-tuning=gdb -fdebug-compilation-dir=/storage/emulated/0/AndroidIDEProjects/AcTermux/terminal-merminal/.cxx/Debug/5r3416u2/armeabi-v7a/CMakeFiles/CMakeScratch/TryCompile-CTfSgT -v -ffunction-sections -fdata-sections -fcoverage-compilation-dir=/storage/emulated/0/AndroidIDEProjects/AcTermux/terminal-merminal/.cxx/Debug/5r3416u2/armeabi-v7a/CMakeFiles/CMakeScratch/TryCompile-CTfSgT -resource-dir /data/user/0/com.tom.rv2ide/files/home/android-sdk/ndk/28.2.13676358/toolchains/llvm/prebuilt/linux-arm64/lib/clang/19 -dependency-file CMakeFiles/cmTC_c7e80.dir/CMakeCCompilerABI.c.o.d -MT CMakeFiles/cmTC_c7e80.dir/CMakeCCompilerABI.c.o -sys-header-deps -D ANDROID -D _FORTIFY_SOURCE=2 -isysroot /data/user/0/com.tom.rv2ide/files/home/android-sdk/ndk/28.2.13676358/toolchains/llvm/prebuilt/linux-arm64/sysroot -internal-isystem /data/user/0/com.tom.rv2ide/files/home/android-sdk/ndk/28.2.13676358/toolchains/llvm/prebuilt/linux-arm64/lib/clang/19/include -internal-isystem /data/user/0/com.tom.rv2ide/files/home/android-sdk/ndk/28.2.13676358/toolchains/llvm/prebuilt/linux-arm64/sysroot/usr/local/include -internal-externc-isystem /data/user/0/com.tom.rv2ide/files/home/android-sdk/ndk/28.2.13676358/toolchains/llvm/prebuilt/linux-arm64/sysroot/usr/include/arm-linux-androideabi -internal-externc-isystem /data/user/0/com.tom.rv2ide/files/home/android-sdk/ndk/28.2.13676358/toolchains/llvm/prebuilt/linux-arm64/sysroot/include -internal-externc-isystem /data/user/0/com.tom.rv2ide/files/home/android-sdk/ndk/28.2.13676358/toolchains/llvm/prebuilt/linux-arm64/sysroot/usr/include -Wformat -ferror-limit 19 -femulated-tls -stack-protector 2 -fno-signed-char -fgnuc-version=4.2.1 -fskip-odr-check-in-gmf -D__GCC_HAVE_DWARF2_CFI_ASM=1 -o CMakeFiles/cmTC_c7e80.dir/CMakeCCompilerABI.c.o -x c /data/user/0/com.tom.rv2ide/files/home/android-sdk/cmake/3.25.1/share/cmake-3.25/Modules/CMakeCCompilerABI.c
clang -cc1 version 19.0.0 based upon LLVM 19.0.0 default target aarch64-linux-android25
ignoring nonexistent directory "/data/user/0/com.tom.rv2ide/files/home/android-sdk/ndk/28.2.13676358/toolchains/llvm/prebuilt/linux-arm64/sysroot/usr/local/include"
ignoring nonexistent directory "/data/user/0/com.tom.rv2ide/files/home/android-sdk/ndk/28.2.13676358/toolchains/llvm/prebuilt/linux-arm64/sysroot/include"
#include "..." search starts here:
#include <...> search starts here:
 /data/user/0/com.tom.rv2ide/files/home/android-sdk/ndk/28.2.13676358/toolchains/llvm/prebuilt/linux-arm64/lib/clang/19/include
 /data/user/0/com.tom.rv2ide/files/home/android-sdk/ndk/28.2.13676358/toolchains/llvm/prebuilt/linux-arm64/sysroot/usr/include/arm-linux-androideabi
 /data/user/0/com.tom.rv2ide/files/home/android-sdk/ndk/28.2.13676358/toolchains/llvm/prebuilt/linux-arm64/sysroot/usr/include
End of search list.
[2/2] Linking C executable cmTC_c7e80
Android clang version 19.0.0 (https://github.com/HomuHomu833/llvm-custom 2598f0b84cec59a680d0cdc4891e20689593b008)
Target: armv7-none-linux-android21
Thread model: posix
InstalledDir: /data/user/0/com.tom.rv2ide/files/home/android-sdk/ndk/28.2.13676358/toolchains/llvm/prebuilt/linux-arm64/bin
 "/data/user/0/com.tom.rv2ide/files/home/android-sdk/ndk/28.2.13676358/toolchains/llvm/prebuilt/linux-arm64/bin/ld.lld" --sysroot=/data/user/0/com.tom.rv2ide/files/home/android-sdk/ndk/28.2.13676358/toolchains/llvm/prebuilt/linux-arm64/sysroot -EL -z now -z relro -z max-page-size=4096 -X --hash-style=both --eh-frame-hdr -m armelf_linux_eabi -pie -dynamic-linker /system/bin/linker -o cmTC_c7e80 /data/user/0/com.tom.rv2ide/files/home/android-sdk/ndk/28.2.13676358/toolchains/llvm/prebuilt/linux-arm64/sysroot/usr/lib/arm-linux-androideabi/21/crtbegin_dynamic.o -L/data/user/0/com.tom.rv2ide/files/home/android-sdk/ndk/28.2.13676358/toolchains/llvm/prebuilt/linux-arm64/lib/clang/19/lib/linux/arm -L/data/user/0/com.tom.rv2ide/files/home/android-sdk/ndk/28.2.13676358/toolchains/llvm/prebuilt/linux-arm64/sysroot/usr/lib/arm-linux-androideabi/21 -L/data/user/0/com.tom.rv2ide/files/home/android-sdk/ndk/28.2.13676358/toolchains/llvm/prebuilt/linux-arm64/sysroot/usr/lib/arm-linux-androideabi -L/data/user/0/com.tom.rv2ide/files/home/android-sdk/ndk/28.2.13676358/toolchains/llvm/prebuilt/linux-arm64/sysroot/usr/lib/../lib -L/data/user/0/com.tom.rv2ide/files/home/android-sdk/ndk/28.2.13676358/toolchains/llvm/prebuilt/linux-arm64/sysroot/usr/lib --build-id=sha1 --no-rosegment --no-undefined-version --fatal-warnings --no-undefined CMakeFiles/cmTC_c7e80.dir/CMakeCCompilerABI.c.o /data/user/0/com.tom.rv2ide/files/home/android-sdk/ndk/28.2.13676358/toolchains/llvm/prebuilt/linux-arm64/lib/clang/19/lib/linux/libclang_rt.builtins-arm-android.a -l:libunwind.a -ldl -lc /data/user/0/com.tom.rv2ide/files/home/android-sdk/ndk/28.2.13676358/toolchains/llvm/prebuilt/linux-arm64/lib/clang/19/lib/linux/libclang_rt.builtins-arm-android.a -l:libunwind.a -ldl /data/user/0/com.tom.rv2ide/files/home/android-sdk/ndk/28.2.13676358/toolchains/llvm/prebuilt/linux-arm64/sysroot/usr/lib/arm-linux-androideabi/21/crtend_android.o



Parsed C implicit include dir info from above output: rv=done
  found start of include info
  found start of implicit include info
    add: [/data/user/0/com.tom.rv2ide/files/home/android-sdk/ndk/28.2.13676358/toolchains/llvm/prebuilt/linux-arm64/lib/clang/19/include]
    add: [/data/user/0/com.tom.rv2ide/files/home/android-sdk/ndk/28.2.13676358/toolchains/llvm/prebuilt/linux-arm64/sysroot/usr/include/arm-linux-androideabi]
    add: [/data/user/0/com.tom.rv2ide/files/home/android-sdk/ndk/28.2.13676358/toolchains/llvm/prebuilt/linux-arm64/sysroot/usr/include]
  end of search list found
  collapse include dir [/data/user/0/com.tom.rv2ide/files/home/android-sdk/ndk/28.2.13676358/toolchains/llvm/prebuilt/linux-arm64/lib/clang/19/include] ==> [/data/user/0/com.tom.rv2ide/files/home/android-sdk/ndk/28.2.13676358/toolchains/llvm/prebuilt/linux-arm64/lib/clang/19/include]
  collapse include dir [/data/user/0/com.tom.rv2ide/files/home/android-sdk/ndk/28.2.13676358/toolchains/llvm/prebuilt/linux-arm64/sysroot/usr/include/arm-linux-androideabi] ==> [/data/user/0/com.tom.rv2ide/files/home/android-sdk/ndk/28.2.13676358/toolchains/llvm/prebuilt/linux-arm64/sysroot/usr/include/arm-linux-androideabi]
  collapse include dir [/data/user/0/com.tom.rv2ide/files/home/android-sdk/ndk/28.2.13676358/toolchains/llvm/prebuilt/linux-arm64/sysroot/usr/include] ==> [/data/user/0/com.tom.rv2ide/files/home/android-sdk/ndk/28.2.13676358/toolchains/llvm/prebuilt/linux-arm64/sysroot/usr/include]
  implicit include dirs: [/data/user/0/com.tom.rv2ide/files/home/android-sdk/ndk/28.2.13676358/toolchains/llvm/prebuilt/linux-arm64/lib/clang/19/include;/data/user/0/com.tom.rv2ide/files/home/android-sdk/ndk/28.2.13676358/toolchains/llvm/prebuilt/linux-arm64/sysroot/usr/include/arm-linux-androideabi;/data/user/0/com.tom.rv2ide/files/home/android-sdk/ndk/28.2.13676358/toolchains/llvm/prebuilt/linux-arm64/sysroot/usr/include]


Parsed C implicit link information from above output:
  link line regex: [^( *|.*[/\])(ld\.lld|CMAKE_LINK_STARTFILE-NOTFOUND|([^/\]+-)?ld|collect2)[^/\]*( |$)]
  ignore line: [Change Dir: /storage/emulated/0/AndroidIDEProjects/AcTermux/terminal-merminal/.cxx/Debug/5r3416u2/armeabi-v7a/CMakeFiles/CMakeScratch/TryCompile-CTfSgT]
  ignore line: []
  ignore line: [Run Build Command(s):/data/user/0/com.tom.rv2ide/files/home/android-sdk/cmake/3.25.1/bin/ninja cmTC_c7e80 && [1/2] Building C object CMakeFiles/cmTC_c7e80.dir/CMakeCCompilerABI.c.o]
  ignore line: [Android clang version 19.0.0 (https://github.com/HomuHomu833/llvm-custom 2598f0b84cec59a680d0cdc4891e20689593b008)]
  ignore line: [Target: armv7-none-linux-android21]
  ignore line: [Thread model: posix]
  ignore line: [InstalledDir: /data/user/0/com.tom.rv2ide/files/home/android-sdk/ndk/28.2.13676358/toolchains/llvm/prebuilt/linux-arm64/bin]
  ignore line: [ (in-process)]
  ignore line: [ "/data/user/0/com.tom.rv2ide/files/home/android-sdk/ndk/28.2.13676358/toolchains/llvm/prebuilt/linux-arm64/bin/clang" -cc1 -triple thumbv7-none-linux-android21 -emit-obj -mrelax-all -disable-free -clear-ast-before-backend -disable-llvm-verifier -discard-value-names -main-file-name CMakeCCompilerABI.c -mrelocation-model pic -pic-level 2 -pic-is-pie -mframe-pointer=all -ffp-contract=on -fno-rounding-math -mconstructor-aliases -funwind-tables=1 -target-cpu generic -target-feature +soft-float-abi -target-feature +vfp2 -target-feature +vfp2sp -target-feature +vfp3 -target-feature +vfp3d16 -target-feature +vfp3d16sp -target-feature +vfp3sp -target-feature -fp16 -target-feature -vfp4 -target-feature -vfp4d16 -target-feature -vfp4d16sp -target-feature -vfp4sp -target-feature -fp-armv8 -target-feature -fp-armv8d16 -target-feature -fp-armv8d16sp -target-feature -fp-armv8sp -target-feature -fullfp16 -target-feature +fp64 -target-feature +d32 -target-feature +neon -target-feature -sha2 -target-feature -aes -target-feature -fp16fml -target-abi aapcs-linux -mfloat-abi soft -debug-info-kind=constructor -dwarf-version=4 -debugger-tuning=gdb -fdebug-compilation-dir=/storage/emulated/0/AndroidIDEProjects/AcTermux/terminal-merminal/.cxx/Debug/5r3416u2/armeabi-v7a/CMakeFiles/CMakeScratch/TryCompile-CTfSgT -v -ffunction-sections -fdata-sections -fcoverage-compilation-dir=/storage/emulated/0/AndroidIDEProjects/AcTermux/terminal-merminal/.cxx/Debug/5r3416u2/armeabi-v7a/CMakeFiles/CMakeScratch/TryCompile-CTfSgT -resource-dir /data/user/0/com.tom.rv2ide/files/home/android-sdk/ndk/28.2.13676358/toolchains/llvm/prebuilt/linux-arm64/lib/clang/19 -dependency-file CMakeFiles/cmTC_c7e80.dir/CMakeCCompilerABI.c.o.d -MT CMakeFiles/cmTC_c7e80.dir/CMakeCCompilerABI.c.o -sys-header-deps -D ANDROID -D _FORTIFY_SOURCE=2 -isysroot /data/user/0/com.tom.rv2ide/files/home/android-sdk/ndk/28.2.13676358/toolchains/llvm/prebuilt/linux-arm64/sysroot -internal-isystem /data/user/0/com.tom.rv2ide/files/home/android-sdk/ndk/28.2.13676358/toolchains/llvm/prebuilt/linux-arm64/lib/clang/19/include -internal-isystem /data/user/0/com.tom.rv2ide/files/home/android-sdk/ndk/28.2.13676358/toolchains/llvm/prebuilt/linux-arm64/sysroot/usr/local/include -internal-externc-isystem /data/user/0/com.tom.rv2ide/files/home/android-sdk/ndk/28.2.13676358/toolchains/llvm/prebuilt/linux-arm64/sysroot/usr/include/arm-linux-androideabi -internal-externc-isystem /data/user/0/com.tom.rv2ide/files/home/android-sdk/ndk/28.2.13676358/toolchains/llvm/prebuilt/linux-arm64/sysroot/include -internal-externc-isystem /data/user/0/com.tom.rv2ide/files/home/android-sdk/ndk/28.2.13676358/toolchains/llvm/prebuilt/linux-arm64/sysroot/usr/include -Wformat -ferror-limit 19 -femulated-tls -stack-protector 2 -fno-signed-char -fgnuc-version=4.2.1 -fskip-odr-check-in-gmf -D__GCC_HAVE_DWARF2_CFI_ASM=1 -o CMakeFiles/cmTC_c7e80.dir/CMakeCCompilerABI.c.o -x c /data/user/0/com.tom.rv2ide/files/home/android-sdk/cmake/3.25.1/share/cmake-3.25/Modules/CMakeCCompilerABI.c]
  ignore line: [clang -cc1 version 19.0.0 based upon LLVM 19.0.0 default target aarch64-linux-android25]
  ignore line: [ignoring nonexistent directory "/data/user/0/com.tom.rv2ide/files/home/android-sdk/ndk/28.2.13676358/toolchains/llvm/prebuilt/linux-arm64/sysroot/usr/local/include"]
  ignore line: [ignoring nonexistent directory "/data/user/0/com.tom.rv2ide/files/home/android-sdk/ndk/28.2.13676358/toolchains/llvm/prebuilt/linux-arm64/sysroot/include"]
  ignore line: [#include "..." search starts here:]
  ignore line: [#include <...> search starts here:]
  ignore line: [ /data/user/0/com.tom.rv2ide/files/home/android-sdk/ndk/28.2.13676358/toolchains/llvm/prebuilt/linux-arm64/lib/clang/19/include]
  ignore line: [ /data/user/0/com.tom.rv2ide/files/home/android-sdk/ndk/28.2.13676358/toolchains/llvm/prebuilt/linux-arm64/sysroot/usr/include/arm-linux-androideabi]
  ignore line: [ /data/user/0/com.tom.rv2ide/files/home/android-sdk/ndk/28.2.13676358/toolchains/llvm/prebuilt/linux-arm64/sysroot/usr/include]
  ignore line: [End of search list.]
  ignore line: [[2/2] Linking C executable cmTC_c7e80]
  ignore line: [Android clang version 19.0.0 (https://github.com/HomuHomu833/llvm-custom 2598f0b84cec59a680d0cdc4891e20689593b008)]
  ignore line: [Target: armv7-none-linux-android21]
  ignore line: [Thread model: posix]
  ignore line: [InstalledDir: /data/user/0/com.tom.rv2ide/files/home/android-sdk/ndk/28.2.13676358/toolchains/llvm/prebuilt/linux-arm64/bin]
  link line: [ "/data/user/0/com.tom.rv2ide/files/home/android-sdk/ndk/28.2.13676358/toolchains/llvm/prebuilt/linux-arm64/bin/ld.lld" --sysroot=/data/user/0/com.tom.rv2ide/files/home/android-sdk/ndk/28.2.13676358/toolchains/llvm/prebuilt/linux-arm64/sysroot -EL -z now -z relro -z max-page-size=4096 -X --hash-style=both --eh-frame-hdr -m armelf_linux_eabi -pie -dynamic-linker /system/bin/linker -o cmTC_c7e80 /data/user/0/com.tom.rv2ide/files/home/android-sdk/ndk/28.2.13676358/toolchains/llvm/prebuilt/linux-arm64/sysroot/usr/lib/arm-linux-androideabi/21/crtbegin_dynamic.o -L/data/user/0/com.tom.rv2ide/files/home/android-sdk/ndk/28.2.13676358/toolchains/llvm/prebuilt/linux-arm64/lib/clang/19/lib/linux/arm -L/data/user/0/com.tom.rv2ide/files/home/android-sdk/ndk/28.2.13676358/toolchains/llvm/prebuilt/linux-arm64/sysroot/usr/lib/arm-linux-androideabi/21 -L/data/user/0/com.tom.rv2ide/files/home/android-sdk/ndk/28.2.13676358/toolchains/llvm/prebuilt/linux-arm64/sysroot/usr/lib/arm-linux-androideabi -L/data/user/0/com.tom.rv2ide/files/home/android-sdk/ndk/28.2.13676358/toolchains/llvm/prebuilt/linux-arm64/sysroot/usr/lib/../lib -L/data/user/0/com.tom.rv2ide/files/home/android-sdk/ndk/28.2.13676358/toolchains/llvm/prebuilt/linux-arm64/sysroot/usr/lib --build-id=sha1 --no-rosegment --no-undefined-version --fatal-warnings --no-undefined CMakeFiles/cmTC_c7e80.dir/CMakeCCompilerABI.c.o /data/user/0/com.tom.rv2ide/files/home/android-sdk/ndk/28.2.13676358/toolchains/llvm/prebuilt/linux-arm64/lib/clang/19/lib/linux/libclang_rt.builtins-arm-android.a -l:libunwind.a -ldl -lc /data/user/0/com.tom.rv2ide/files/home/android-sdk/ndk/28.2.13676358/toolchains/llvm/prebuilt/linux-arm64/lib/clang/19/lib/linux/libclang_rt.builtins-arm-android.a -l:libunwind.a -ldl /data/user/0/com.tom.rv2ide/files/home/android-sdk/ndk/28.2.13676358/toolchains/llvm/prebuilt/linux-arm64/sysroot/usr/lib/arm-linux-androideabi/21/crtend_android.o]
    arg [/data/user/0/com.tom.rv2ide/files/home/android-sdk/ndk/28.2.13676358/toolchains/llvm/prebuilt/linux-arm64/bin/ld.lld] ==> ignore
    arg [--sysroot=/data/user/0/com.tom.rv2ide/files/home/android-sdk/ndk/28.2.13676358/toolchains/llvm/prebuilt/linux-arm64/sysroot] ==> ignore
    arg [-EL] ==> ignore
    arg [-znow] ==> ignore
    arg [-zrelro] ==> ignore
    arg [-zmax-page-size=4096] ==> ignore
    arg [-X] ==> ignore
    arg [--hash-style=both] ==> ignore
    arg [--eh-frame-hdr] ==> ignore
    arg [-m] ==> ignore
    arg [armelf_linux_eabi] ==> ignore
    arg [-pie] ==> ignore
    arg [-dynamic-linker] ==> ignore
    arg [/system/bin/linker] ==> ignore
    arg [-o] ==> ignore
    arg [cmTC_c7e80] ==> ignore
    arg [/data/user/0/com.tom.rv2ide/files/home/android-sdk/ndk/28.2.13676358/toolchains/llvm/prebuilt/linux-arm64/sysroot/usr/lib/arm-linux-androideabi/21/crtbegin_dynamic.o] ==> obj [/data/user/0/com.tom.rv2ide/files/home/android-sdk/ndk/28.2.13676358/toolchains/llvm/prebuilt/linux-arm64/sysroot/usr/lib/arm-linux-androideabi/21/crtbegin_dynamic.o]
    arg [-L/data/user/0/com.tom.rv2ide/files/home/android-sdk/ndk/28.2.13676358/toolchains/llvm/prebuilt/linux-arm64/lib/clang/19/lib/linux/arm] ==> dir [/data/user/0/com.tom.rv2ide/files/home/android-sdk/ndk/28.2.13676358/toolchains/llvm/prebuilt/linux-arm64/lib/clang/19/lib/linux/arm]
    arg [-L/data/user/0/com.tom.rv2ide/files/home/android-sdk/ndk/28.2.13676358/toolchains/llvm/prebuilt/linux-arm64/sysroot/usr/lib/arm-linux-androideabi/21] ==> dir [/data/user/0/com.tom.rv2ide/files/home/android-sdk/ndk/28.2.13676358/toolchains/llvm/prebuilt/linux-arm64/sysroot/usr/lib/arm-linux-androideabi/21]
    arg [-L/data/user/0/com.tom.rv2ide/files/home/android-sdk/ndk/28.2.13676358/toolchains/llvm/prebuilt/linux-arm64/sysroot/usr/lib/arm-linux-androideabi] ==> dir [/data/user/0/com.tom.rv2ide/files/home/android-sdk/ndk/28.2.13676358/toolchains/llvm/prebuilt/linux-arm64/sysroot/usr/lib/arm-linux-androideabi]
    arg [-L/data/user/0/com.tom.rv2ide/files/home/android-sdk/ndk/28.2.13676358/toolchains/llvm/prebuilt/linux-arm64/sysroot/usr/lib/../lib] ==> dir [/data/user/0/com.tom.rv2ide/files/home/android-sdk/ndk/28.2.13676358/toolchains/llvm/prebuilt/linux-arm64/sysroot/usr/lib/../lib]
    arg [-L/data/user/0/com.tom.rv2ide/files/home/android-sdk/ndk/28.2.13676358/toolchains/llvm/prebuilt/linux-arm64/sysroot/usr/lib] ==> dir [/data/user/0/com.tom.rv2ide/files/home/android-sdk/ndk/28.2.13676358/toolchains/llvm/prebuilt/linux-arm64/sysroot/usr/lib]
    arg [--build-id=sha1] ==> ignore
    arg [--no-rosegment] ==> ignore
    arg [--no-undefined-version] ==> ignore
    arg [--fatal-warnings] ==> ignore
    arg [--no-undefined] ==> ignore
    arg [CMakeFiles/cmTC_c7e80.dir/CMakeCCompilerABI.c.o] ==> ignore
    arg [/data/user/0/com.tom.rv2ide/files/home/android-sdk/ndk/28.2.13676358/toolchains/llvm/prebuilt/linux-arm64/lib/clang/19/lib/linux/libclang_rt.builtins-arm-android.a] ==> lib [/data/user/0/com.tom.rv2ide/files/home/android-sdk/ndk/28.2.13676358/toolchains/llvm/prebuilt/linux-arm64/lib/clang/19/lib/linux/libclang_rt.builtins-arm-android.a]
    arg [-l:libunwind.a] ==> lib [-l:libunwind.a]
    arg [-ldl] ==> lib [dl]
    arg [-lc] ==> lib [c]
    arg [/data/user/0/com.tom.rv2ide/files/home/android-sdk/ndk/28.2.13676358/toolchains/llvm/prebuilt/linux-arm64/lib/clang/19/lib/linux/libclang_rt.builtins-arm-android.a] ==> lib [/data/user/0/com.tom.rv2ide/files/home/android-sdk/ndk/28.2.13676358/toolchains/llvm/prebuilt/linux-arm64/lib/clang/19/lib/linux/libclang_rt.builtins-arm-android.a]
    arg [-l:libunwind.a] ==> lib [-l:libunwind.a]
    arg [-ldl] ==> lib [dl]
    arg [/data/user/0/com.tom.rv2ide/files/home/android-sdk/ndk/28.2.13676358/toolchains/llvm/prebuilt/linux-arm64/sysroot/usr/lib/arm-linux-androideabi/21/crtend_android.o] ==> obj [/data/user/0/com.tom.rv2ide/files/home/android-sdk/ndk/28.2.13676358/toolchains/llvm/prebuilt/linux-arm64/sysroot/usr/lib/arm-linux-androideabi/21/crtend_android.o]
  remove lib [/data/user/0/com.tom.rv2ide/files/home/android-sdk/ndk/28.2.13676358/toolchains/llvm/prebuilt/linux-arm64/lib/clang/19/lib/linux/libclang_rt.builtins-arm-android.a]
  remove lib [/data/user/0/com.tom.rv2ide/files/home/android-sdk/ndk/28.2.13676358/toolchains/llvm/prebuilt/linux-arm64/lib/clang/19/lib/linux/libclang_rt.builtins-arm-android.a]
  collapse library dir [/data/user/0/com.tom.rv2ide/files/home/android-sdk/ndk/28.2.13676358/toolchains/llvm/prebuilt/linux-arm64/lib/clang/19/lib/linux/arm] ==> [/data/user/0/com.tom.rv2ide/files/home/android-sdk/ndk/28.2.13676358/toolchains/llvm/prebuilt/linux-arm64/lib/clang/19/lib/linux/arm]
  collapse library dir [/data/user/0/com.tom.rv2ide/files/home/android-sdk/ndk/28.2.13676358/toolchains/llvm/prebuilt/linux-arm64/sysroot/usr/lib/arm-linux-androideabi/21] ==> [/data/user/0/com.tom.rv2ide/files/home/android-sdk/ndk/28.2.13676358/toolchains/llvm/prebuilt/linux-arm64/sysroot/usr/lib/arm-linux-androideabi/21]
  collapse library dir [/data/user/0/com.tom.rv2ide/files/home/android-sdk/ndk/28.2.13676358/toolchains/llvm/prebuilt/linux-arm64/sysroot/usr/lib/arm-linux-androideabi] ==> [/data/user/0/com.tom.rv2ide/files/home/android-sdk/ndk/28.2.13676358/toolchains/llvm/prebuilt/linux-arm64/sysroot/usr/lib/arm-linux-androideabi]
  collapse library dir [/data/user/0/com.tom.rv2ide/files/home/android-sdk/ndk/28.2.13676358/toolchains/llvm/prebuilt/linux-arm64/sysroot/usr/lib/../lib] ==> [/data/user/0/com.tom.rv2ide/files/home/android-sdk/ndk/28.2.13676358/toolchains/llvm/prebuilt/linux-arm64/sysroot/usr/lib]
  collapse library dir [/data/user/0/com.tom.rv2ide/files/home/android-sdk/ndk/28.2.13676358/toolchains/llvm/prebuilt/linux-arm64/sysroot/usr/lib] ==> [/data/user/0/com.tom.rv2ide/files/home/android-sdk/ndk/28.2.13676358/toolchains/llvm/prebuilt/linux-arm64/sysroot/usr/lib]
  implicit libs: [-l:libunwind.a;dl;c;-l:libunwind.a;dl]
  implicit objs: [/data/user/0/com.tom.rv2ide/files/home/android-sdk/ndk/28.2.13676358/toolchains/llvm/prebuilt/linux-arm64/sysroot/usr/lib/arm-linux-androideabi/21/crtbegin_dynamic.o;/data/user/0/com.tom.rv2ide/files/home/android-sdk/ndk/28.2.13676358/toolchains/llvm/prebuilt/linux-arm64/sysroot/usr/lib/arm-linux-androideabi/21/crtend_android.o]
  implicit dirs: [/data/user/0/com.tom.rv2ide/files/home/android-sdk/ndk/28.2.13676358/toolchains/llvm/prebuilt/linux-arm64/lib/clang/19/lib/linux/arm;/data/user/0/com.tom.rv2ide/files/home/android-sdk/ndk/28.2.13676358/toolchains/llvm/prebuilt/linux-arm64/sysroot/usr/lib/arm-linux-androideabi/21;/data/user/0/com.tom.rv2ide/files/home/android-sdk/ndk/28.2.13676358/toolchains/llvm/prebuilt/linux-arm64/sysroot/usr/lib/arm-linux-androideabi;/data/user/0/com.tom.rv2ide/files/home/android-sdk/ndk/28.2.13676358/toolchains/llvm/prebuilt/linux-arm64/sysroot/usr/lib]
  implicit fwks: []


Detecting CXX compiler ABI info compiled with the following output:
Change Dir: /storage/emulated/0/AndroidIDEProjects/AcTermux/terminal-merminal/.cxx/Debug/5r3416u2/armeabi-v7a/CMakeFiles/CMakeScratch/TryCompile-aP2jsV

Run Build Command(s):/data/user/0/com.tom.rv2ide/files/home/android-sdk/cmake/3.25.1/bin/ninja cmTC_dfb1f && [1/2] Building CXX object CMakeFiles/cmTC_dfb1f.dir/CMakeCXXCompilerABI.cpp.o
Android clang version 19.0.0 (https://github.com/HomuHomu833/llvm-custom 2598f0b84cec59a680d0cdc4891e20689593b008)
Target: armv7-none-linux-android21
Thread model: posix
InstalledDir: /data/user/0/com.tom.rv2ide/files/home/android-sdk/ndk/28.2.13676358/toolchains/llvm/prebuilt/linux-arm64/bin
 (in-process)
 "/data/user/0/com.tom.rv2ide/files/home/android-sdk/ndk/28.2.13676358/toolchains/llvm/prebuilt/linux-arm64/bin/clang++" -cc1 -triple thumbv7-none-linux-android21 -emit-obj -mrelax-all -disable-free -clear-ast-before-backend -disable-llvm-verifier -discard-value-names -main-file-name CMakeCXXCompilerABI.cpp -mrelocation-model pic -pic-level 2 -pic-is-pie -mframe-pointer=all -ffp-contract=on -fno-rounding-math -mconstructor-aliases -funwind-tables=1 -target-cpu generic -target-feature +soft-float-abi -target-feature +vfp2 -target-feature +vfp2sp -target-feature +vfp3 -target-feature +vfp3d16 -target-feature +vfp3d16sp -target-feature +vfp3sp -target-feature -fp16 -target-feature -vfp4 -target-feature -vfp4d16 -target-feature -vfp4d16sp -target-feature -vfp4sp -target-feature -fp-armv8 -target-feature -fp-armv8d16 -target-feature -fp-armv8d16sp -target-feature -fp-armv8sp -target-feature -fullfp16 -target-feature +fp64 -target-feature +d32 -target-feature +neon -target-feature -sha2 -target-feature -aes -target-feature -fp16fml -target-abi aapcs-linux -mfloat-abi soft -debug-info-kind=constructor -dwarf-version=4 -debugger-tuning=gdb -fdebug-compilation-dir=/storage/emulated/0/AndroidIDEProjects/AcTermux/terminal-merminal/.cxx/Debug/5r3416u2/armeabi-v7a/CMakeFiles/CMakeScratch/TryCompile-aP2jsV -v -ffunction-sections -fdata-sections -fcoverage-compilation-dir=/storage/emulated/0/AndroidIDEProjects/AcTermux/terminal-merminal/.cxx/Debug/5r3416u2/armeabi-v7a/CMakeFiles/CMakeScratch/TryCompile-aP2jsV -resource-dir /data/user/0/com.tom.rv2ide/files/home/android-sdk/ndk/28.2.13676358/toolchains/llvm/prebuilt/linux-arm64/lib/clang/19 -dependency-file CMakeFiles/cmTC_dfb1f.dir/CMakeCXXCompilerABI.cpp.o.d -MT CMakeFiles/cmTC_dfb1f.dir/CMakeCXXCompilerABI.cpp.o -sys-header-deps -D ANDROID -D _FORTIFY_SOURCE=2 -isysroot /data/user/0/com.tom.rv2ide/files/home/android-sdk/ndk/28.2.13676358/toolchains/llvm/prebuilt/linux-arm64/sysroot -internal-isystem /data/user/0/com.tom.rv2ide/files/home/android-sdk/ndk/28.2.13676358/toolchains/llvm/prebuilt/linux-arm64/sysroot/usr/include/c++/v1 -internal-isystem /data/user/0/com.tom.rv2ide/files/home/android-sdk/ndk/28.2.13676358/toolchains/llvm/prebuilt/linux-arm64/lib/clang/19/include -internal-isystem /data/user/0/com.tom.rv2ide/files/home/android-sdk/ndk/28.2.13676358/toolchains/llvm/prebuilt/linux-arm64/sysroot/usr/local/include -internal-externc-isystem /data/user/0/com.tom.rv2ide/files/home/android-sdk/ndk/28.2.13676358/toolchains/llvm/prebuilt/linux-arm64/sysroot/usr/include/arm-linux-androideabi -internal-externc-isystem /data/user/0/com.tom.rv2ide/files/home/android-sdk/ndk/28.2.13676358/toolchains/llvm/prebuilt/linux-arm64/sysroot/include -internal-externc-isystem /data/user/0/com.tom.rv2ide/files/home/android-sdk/ndk/28.2.13676358/toolchains/llvm/prebuilt/linux-arm64/sysroot/usr/include -Wformat -fdeprecated-macro -ferror-limit 19 -femulated-tls -stack-protector 2 -fno-signed-char -fgnuc-version=4.2.1 -fskip-odr-check-in-gmf -fcxx-exceptions -fexceptions -D__GCC_HAVE_DWARF2_CFI_ASM=1 -o CMakeFiles/cmTC_dfb1f.dir/CMakeCXXCompilerABI.cpp.o -x c++ /data/user/0/com.tom.rv2ide/files/home/android-sdk/cmake/3.25.1/share/cmake-3.25/Modules/CMakeCXXCompilerABI.cpp
clang -cc1 version 19.0.0 based upon LLVM 19.0.0 default target aarch64-linux-android25
ignoring nonexistent directory "/data/user/0/com.tom.rv2ide/files/home/android-sdk/ndk/28.2.13676358/toolchains/llvm/prebuilt/linux-arm64/sysroot/usr/local/include"
ignoring nonexistent directory "/data/user/0/com.tom.rv2ide/files/home/android-sdk/ndk/28.2.13676358/toolchains/llvm/prebuilt/linux-arm64/sysroot/include"
#include "..." search starts here:
#include <...> search starts here:
 /data/user/0/com.tom.rv2ide/files/home/android-sdk/ndk/28.2.13676358/toolchains/llvm/prebuilt/linux-arm64/sysroot/usr/include/c++/v1
 /data/user/0/com.tom.rv2ide/files/home/android-sdk/ndk/28.2.13676358/toolchains/llvm/prebuilt/linux-arm64/lib/clang/19/include
 /data/user/0/com.tom.rv2ide/files/home/android-sdk/ndk/28.2.13676358/toolchains/llvm/prebuilt/linux-arm64/sysroot/usr/include/arm-linux-androideabi
 /data/user/0/com.tom.rv2ide/files/home/android-sdk/ndk/28.2.13676358/toolchains/llvm/prebuilt/linux-arm64/sysroot/usr/include
End of search list.
[2/2] Linking CXX executable cmTC_dfb1f
Android clang version 19.0.0 (https://github.com/HomuHomu833/llvm-custom 2598f0b84cec59a680d0cdc4891e20689593b008)
Target: armv7-none-linux-android21
Thread model: posix
InstalledDir: /data/user/0/com.tom.rv2ide/files/home/android-sdk/ndk/28.2.13676358/toolchains/llvm/prebuilt/linux-arm64/bin
 "/data/user/0/com.tom.rv2ide/files/home/android-sdk/ndk/28.2.13676358/toolchains/llvm/prebuilt/linux-arm64/bin/ld.lld" --sysroot=/data/user/0/com.tom.rv2ide/files/home/android-sdk/ndk/28.2.13676358/toolchains/llvm/prebuilt/linux-arm64/sysroot -EL -z now -z relro -z max-page-size=4096 -X --hash-style=both --eh-frame-hdr -m armelf_linux_eabi -pie -dynamic-linker /system/bin/linker -o cmTC_dfb1f /data/user/0/com.tom.rv2ide/files/home/android-sdk/ndk/28.2.13676358/toolchains/llvm/prebuilt/linux-arm64/sysroot/usr/lib/arm-linux-androideabi/21/crtbegin_dynamic.o -L/data/user/0/com.tom.rv2ide/files/home/android-sdk/ndk/28.2.13676358/toolchains/llvm/prebuilt/linux-arm64/lib/clang/19/lib/linux/arm -L/data/user/0/com.tom.rv2ide/files/home/android-sdk/ndk/28.2.13676358/toolchains/llvm/prebuilt/linux-arm64/sysroot/usr/lib/arm-linux-androideabi/21 -L/data/user/0/com.tom.rv2ide/files/home/android-sdk/ndk/28.2.13676358/toolchains/llvm/prebuilt/linux-arm64/sysroot/usr/lib/arm-linux-androideabi -L/data/user/0/com.tom.rv2ide/files/home/android-sdk/ndk/28.2.13676358/toolchains/llvm/prebuilt/linux-arm64/sysroot/usr/lib/../lib -L/data/user/0/com.tom.rv2ide/files/home/android-sdk/ndk/28.2.13676358/toolchains/llvm/prebuilt/linux-arm64/sysroot/usr/lib --build-id=sha1 --no-rosegment --no-undefined-version --fatal-warnings --no-undefined CMakeFiles/cmTC_dfb1f.dir/CMakeCXXCompilerABI.cpp.o -Bstatic -lc++ -Bdynamic -lm /data/user/0/com.tom.rv2ide/files/home/android-sdk/ndk/28.2.13676358/toolchains/llvm/prebuilt/linux-arm64/lib/clang/19/lib/linux/libclang_rt.builtins-arm-android.a -l:libunwind.a -ldl -lc /data/user/0/com.tom.rv2ide/files/home/android-sdk/ndk/28.2.13676358/toolchains/llvm/prebuilt/linux-arm64/lib/clang/19/lib/linux/libclang_rt.builtins-arm-android.a -l:libunwind.a -ldl /data/user/0/com.tom.rv2ide/files/home/android-sdk/ndk/28.2.13676358/toolchains/llvm/prebuilt/linux-arm64/sysroot/usr/lib/arm-linux-androideabi/21/crtend_android.o



Parsed CXX implicit include dir info from above output: rv=done
  found start of include info
  found start of implicit include info
    add: [/data/user/0/com.tom.rv2ide/files/home/android-sdk/ndk/28.2.13676358/toolchains/llvm/prebuilt/linux-arm64/sysroot/usr/include/c++/v1]
    add: [/data/user/0/com.tom.rv2ide/files/home/android-sdk/ndk/28.2.13676358/toolchains/llvm/prebuilt/linux-arm64/lib/clang/19/include]
    add: [/data/user/0/com.tom.rv2ide/files/home/android-sdk/ndk/28.2.13676358/toolchains/llvm/prebuilt/linux-arm64/sysroot/usr/include/arm-linux-androideabi]
    add: [/data/user/0/com.tom.rv2ide/files/home/android-sdk/ndk/28.2.13676358/toolchains/llvm/prebuilt/linux-arm64/sysroot/usr/include]
  end of search list found
  collapse include dir [/data/user/0/com.tom.rv2ide/files/home/android-sdk/ndk/28.2.13676358/toolchains/llvm/prebuilt/linux-arm64/sysroot/usr/include/c++/v1] ==> [/data/user/0/com.tom.rv2ide/files/home/android-sdk/ndk/28.2.13676358/toolchains/llvm/prebuilt/linux-arm64/sysroot/usr/include/c++/v1]
  collapse include dir [/data/user/0/com.tom.rv2ide/files/home/android-sdk/ndk/28.2.13676358/toolchains/llvm/prebuilt/linux-arm64/lib/clang/19/include] ==> [/data/user/0/com.tom.rv2ide/files/home/android-sdk/ndk/28.2.13676358/toolchains/llvm/prebuilt/linux-arm64/lib/clang/19/include]
  collapse include dir [/data/user/0/com.tom.rv2ide/files/home/android-sdk/ndk/28.2.13676358/toolchains/llvm/prebuilt/linux-arm64/sysroot/usr/include/arm-linux-androideabi] ==> [/data/user/0/com.tom.rv2ide/files/home/android-sdk/ndk/28.2.13676358/toolchains/llvm/prebuilt/linux-arm64/sysroot/usr/include/arm-linux-androideabi]
  collapse include dir [/data/user/0/com.tom.rv2ide/files/home/android-sdk/ndk/28.2.13676358/toolchains/llvm/prebuilt/linux-arm64/sysroot/usr/include] ==> [/data/user/0/com.tom.rv2ide/files/home/android-sdk/ndk/28.2.13676358/toolchains/llvm/prebuilt/linux-arm64/sysroot/usr/include]
  implicit include dirs: [/data/user/0/com.tom.rv2ide/files/home/android-sdk/ndk/28.2.13676358/toolchains/llvm/prebuilt/linux-arm64/sysroot/usr/include/c++/v1;/data/user/0/com.tom.rv2ide/files/home/android-sdk/ndk/28.2.13676358/toolchains/llvm/prebuilt/linux-arm64/lib/clang/19/include;/data/user/0/com.tom.rv2ide/files/home/android-sdk/ndk/28.2.13676358/toolchains/llvm/prebuilt/linux-arm64/sysroot/usr/include/arm-linux-androideabi;/data/user/0/com.tom.rv2ide/files/home/android-sdk/ndk/28.2.13676358/toolchains/llvm/prebuilt/linux-arm64/sysroot/usr/include]


Parsed CXX implicit link information from above output:
  link line regex: [^( *|.*[/\])(ld\.lld|CMAKE_LINK_STARTFILE-NOTFOUND|([^/\]+-)?ld|collect2)[^/\]*( |$)]
  ignore line: [Change Dir: /storage/emulated/0/AndroidIDEProjects/AcTermux/terminal-merminal/.cxx/Debug/5r3416u2/armeabi-v7a/CMakeFiles/CMakeScratch/TryCompile-aP2jsV]
  ignore line: []
  ignore line: [Run Build Command(s):/data/user/0/com.tom.rv2ide/files/home/android-sdk/cmake/3.25.1/bin/ninja cmTC_dfb1f && [1/2] Building CXX object CMakeFiles/cmTC_dfb1f.dir/CMakeCXXCompilerABI.cpp.o]
  ignore line: [Android clang version 19.0.0 (https://github.com/HomuHomu833/llvm-custom 2598f0b84cec59a680d0cdc4891e20689593b008)]
  ignore line: [Target: armv7-none-linux-android21]
  ignore line: [Thread model: posix]
  ignore line: [InstalledDir: /data/user/0/com.tom.rv2ide/files/home/android-sdk/ndk/28.2.13676358/toolchains/llvm/prebuilt/linux-arm64/bin]
  ignore line: [ (in-process)]
  ignore line: [ "/data/user/0/com.tom.rv2ide/files/home/android-sdk/ndk/28.2.13676358/toolchains/llvm/prebuilt/linux-arm64/bin/clang++" -cc1 -triple thumbv7-none-linux-android21 -emit-obj -mrelax-all -disable-free -clear-ast-before-backend -disable-llvm-verifier -discard-value-names -main-file-name CMakeCXXCompilerABI.cpp -mrelocation-model pic -pic-level 2 -pic-is-pie -mframe-pointer=all -ffp-contract=on -fno-rounding-math -mconstructor-aliases -funwind-tables=1 -target-cpu generic -target-feature +soft-float-abi -target-feature +vfp2 -target-feature +vfp2sp -target-feature +vfp3 -target-feature +vfp3d16 -target-feature +vfp3d16sp -target-feature +vfp3sp -target-feature -fp16 -target-feature -vfp4 -target-feature -vfp4d16 -target-feature -vfp4d16sp -target-feature -vfp4sp -target-feature -fp-armv8 -target-feature -fp-armv8d16 -target-feature -fp-armv8d16sp -target-feature -fp-armv8sp -target-feature -fullfp16 -target-feature +fp64 -target-feature +d32 -target-feature +neon -target-feature -sha2 -target-feature -aes -target-feature -fp16fml -target-abi aapcs-linux -mfloat-abi soft -debug-info-kind=constructor -dwarf-version=4 -debugger-tuning=gdb -fdebug-compilation-dir=/storage/emulated/0/AndroidIDEProjects/AcTermux/terminal-merminal/.cxx/Debug/5r3416u2/armeabi-v7a/CMakeFiles/CMakeScratch/TryCompile-aP2jsV -v -ffunction-sections -fdata-sections -fcoverage-compilation-dir=/storage/emulated/0/AndroidIDEProjects/AcTermux/terminal-merminal/.cxx/Debug/5r3416u2/armeabi-v7a/CMakeFiles/CMakeScratch/TryCompile-aP2jsV -resource-dir /data/user/0/com.tom.rv2ide/files/home/android-sdk/ndk/28.2.13676358/toolchains/llvm/prebuilt/linux-arm64/lib/clang/19 -dependency-file CMakeFiles/cmTC_dfb1f.dir/CMakeCXXCompilerABI.cpp.o.d -MT CMakeFiles/cmTC_dfb1f.dir/CMakeCXXCompilerABI.cpp.o -sys-header-deps -D ANDROID -D _FORTIFY_SOURCE=2 -isysroot /data/user/0/com.tom.rv2ide/files/home/android-sdk/ndk/28.2.13676358/toolchains/llvm/prebuilt/linux-arm64/sysroot -internal-isystem /data/user/0/com.tom.rv2ide/files/home/android-sdk/ndk/28.2.13676358/toolchains/llvm/prebuilt/linux-arm64/sysroot/usr/include/c++/v1 -internal-isystem /data/user/0/com.tom.rv2ide/files/home/android-sdk/ndk/28.2.13676358/toolchains/llvm/prebuilt/linux-arm64/lib/clang/19/include -internal-isystem /data/user/0/com.tom.rv2ide/files/home/android-sdk/ndk/28.2.13676358/toolchains/llvm/prebuilt/linux-arm64/sysroot/usr/local/include -internal-externc-isystem /data/user/0/com.tom.rv2ide/files/home/android-sdk/ndk/28.2.13676358/toolchains/llvm/prebuilt/linux-arm64/sysroot/usr/include/arm-linux-androideabi -internal-externc-isystem /data/user/0/com.tom.rv2ide/files/home/android-sdk/ndk/28.2.13676358/toolchains/llvm/prebuilt/linux-arm64/sysroot/include -internal-externc-isystem /data/user/0/com.tom.rv2ide/files/home/android-sdk/ndk/28.2.13676358/toolchains/llvm/prebuilt/linux-arm64/sysroot/usr/include -Wformat -fdeprecated-macro -ferror-limit 19 -femulated-tls -stack-protector 2 -fno-signed-char -fgnuc-version=4.2.1 -fskip-odr-check-in-gmf -fcxx-exceptions -fexceptions -D__GCC_HAVE_DWARF2_CFI_ASM=1 -o CMakeFiles/cmTC_dfb1f.dir/CMakeCXXCompilerABI.cpp.o -x c++ /data/user/0/com.tom.rv2ide/files/home/android-sdk/cmake/3.25.1/share/cmake-3.25/Modules/CMakeCXXCompilerABI.cpp]
  ignore line: [clang -cc1 version 19.0.0 based upon LLVM 19.0.0 default target aarch64-linux-android25]
  ignore line: [ignoring nonexistent directory "/data/user/0/com.tom.rv2ide/files/home/android-sdk/ndk/28.2.13676358/toolchains/llvm/prebuilt/linux-arm64/sysroot/usr/local/include"]
  ignore line: [ignoring nonexistent directory "/data/user/0/com.tom.rv2ide/files/home/android-sdk/ndk/28.2.13676358/toolchains/llvm/prebuilt/linux-arm64/sysroot/include"]
  ignore line: [#include "..." search starts here:]
  ignore line: [#include <...> search starts here:]
  ignore line: [ /data/user/0/com.tom.rv2ide/files/home/android-sdk/ndk/28.2.13676358/toolchains/llvm/prebuilt/linux-arm64/sysroot/usr/include/c++/v1]
  ignore line: [ /data/user/0/com.tom.rv2ide/files/home/android-sdk/ndk/28.2.13676358/toolchains/llvm/prebuilt/linux-arm64/lib/clang/19/include]
  ignore line: [ /data/user/0/com.tom.rv2ide/files/home/android-sdk/ndk/28.2.13676358/toolchains/llvm/prebuilt/linux-arm64/sysroot/usr/include/arm-linux-androideabi]
  ignore line: [ /data/user/0/com.tom.rv2ide/files/home/android-sdk/ndk/28.2.13676358/toolchains/llvm/prebuilt/linux-arm64/sysroot/usr/include]
  ignore line: [End of search list.]
  ignore line: [[2/2] Linking CXX executable cmTC_dfb1f]
  ignore line: [Android clang version 19.0.0 (https://github.com/HomuHomu833/llvm-custom 2598f0b84cec59a680d0cdc4891e20689593b008)]
  ignore line: [Target: armv7-none-linux-android21]
  ignore line: [Thread model: posix]
  ignore line: [InstalledDir: /data/user/0/com.tom.rv2ide/files/home/android-sdk/ndk/28.2.13676358/toolchains/llvm/prebuilt/linux-arm64/bin]
  link line: [ "/data/user/0/com.tom.rv2ide/files/home/android-sdk/ndk/28.2.13676358/toolchains/llvm/prebuilt/linux-arm64/bin/ld.lld" --sysroot=/data/user/0/com.tom.rv2ide/files/home/android-sdk/ndk/28.2.13676358/toolchains/llvm/prebuilt/linux-arm64/sysroot -EL -z now -z relro -z max-page-size=4096 -X --hash-style=both --eh-frame-hdr -m armelf_linux_eabi -pie -dynamic-linker /system/bin/linker -o cmTC_dfb1f /data/user/0/com.tom.rv2ide/files/home/android-sdk/ndk/28.2.13676358/toolchains/llvm/prebuilt/linux-arm64/sysroot/usr/lib/arm-linux-androideabi/21/crtbegin_dynamic.o -L/data/user/0/com.tom.rv2ide/files/home/android-sdk/ndk/28.2.13676358/toolchains/llvm/prebuilt/linux-arm64/lib/clang/19/lib/linux/arm -L/data/user/0/com.tom.rv2ide/files/home/android-sdk/ndk/28.2.13676358/toolchains/llvm/prebuilt/linux-arm64/sysroot/usr/lib/arm-linux-androideabi/21 -L/data/user/0/com.tom.rv2ide/files/home/android-sdk/ndk/28.2.13676358/toolchains/llvm/prebuilt/linux-arm64/sysroot/usr/lib/arm-linux-androideabi -L/data/user/0/com.tom.rv2ide/files/home/android-sdk/ndk/28.2.13676358/toolchains/llvm/prebuilt/linux-arm64/sysroot/usr/lib/../lib -L/data/user/0/com.tom.rv2ide/files/home/android-sdk/ndk/28.2.13676358/toolchains/llvm/prebuilt/linux-arm64/sysroot/usr/lib --build-id=sha1 --no-rosegment --no-undefined-version --fatal-warnings --no-undefined CMakeFiles/cmTC_dfb1f.dir/CMakeCXXCompilerABI.cpp.o -Bstatic -lc++ -Bdynamic -lm /data/user/0/com.tom.rv2ide/files/home/android-sdk/ndk/28.2.13676358/toolchains/llvm/prebuilt/linux-arm64/lib/clang/19/lib/linux/libclang_rt.builtins-arm-android.a -l:libunwind.a -ldl -lc /data/user/0/com.tom.rv2ide/files/home/android-sdk/ndk/28.2.13676358/toolchains/llvm/prebuilt/linux-arm64/lib/clang/19/lib/linux/libclang_rt.builtins-arm-android.a -l:libunwind.a -ldl /data/user/0/com.tom.rv2ide/files/home/android-sdk/ndk/28.2.13676358/toolchains/llvm/prebuilt/linux-arm64/sysroot/usr/lib/arm-linux-androideabi/21/crtend_android.o]
    arg [/data/user/0/com.tom.rv2ide/files/home/android-sdk/ndk/28.2.13676358/toolchains/llvm/prebuilt/linux-arm64/bin/ld.lld] ==> ignore
    arg [--sysroot=/data/user/0/com.tom.rv2ide/files/home/android-sdk/ndk/28.2.13676358/toolchains/llvm/prebuilt/linux-arm64/sysroot] ==> ignore
    arg [-EL] ==> ignore
    arg [-znow] ==> ignore
    arg [-zrelro] ==> ignore
    arg [-zmax-page-size=4096] ==> ignore
    arg [-X] ==> ignore
    arg [--hash-style=both] ==> ignore
    arg [--eh-frame-hdr] ==> ignore
    arg [-m] ==> ignore
    arg [armelf_linux_eabi] ==> ignore
    arg [-pie] ==> ignore
    arg [-dynamic-linker] ==> ignore
    arg [/system/bin/linker] ==> ignore
    arg [-o] ==> ignore
    arg [cmTC_dfb1f] ==> ignore
    arg [/data/user/0/com.tom.rv2ide/files/home/android-sdk/ndk/28.2.13676358/toolchains/llvm/prebuilt/linux-arm64/sysroot/usr/lib/arm-linux-androideabi/21/crtbegin_dynamic.o] ==> obj [/data/user/0/com.tom.rv2ide/files/home/android-sdk/ndk/28.2.13676358/toolchains/llvm/prebuilt/linux-arm64/sysroot/usr/lib/arm-linux-androideabi/21/crtbegin_dynamic.o]
    arg [-L/data/user/0/com.tom.rv2ide/files/home/android-sdk/ndk/28.2.13676358/toolchains/llvm/prebuilt/linux-arm64/lib/clang/19/lib/linux/arm] ==> dir [/data/user/0/com.tom.rv2ide/files/home/android-sdk/ndk/28.2.13676358/toolchains/llvm/prebuilt/linux-arm64/lib/clang/19/lib/linux/arm]
    arg [-L/data/user/0/com.tom.rv2ide/files/home/android-sdk/ndk/28.2.13676358/toolchains/llvm/prebuilt/linux-arm64/sysroot/usr/lib/arm-linux-androideabi/21] ==> dir [/data/user/0/com.tom.rv2ide/files/home/android-sdk/ndk/28.2.13676358/toolchains/llvm/prebuilt/linux-arm64/sysroot/usr/lib/arm-linux-androideabi/21]
    arg [-L/data/user/0/com.tom.rv2ide/files/home/android-sdk/ndk/28.2.13676358/toolchains/llvm/prebuilt/linux-arm64/sysroot/usr/lib/arm-linux-androideabi] ==> dir [/data/user/0/com.tom.rv2ide/files/home/android-sdk/ndk/28.2.13676358/toolchains/llvm/prebuilt/linux-arm64/sysroot/usr/lib/arm-linux-androideabi]
    arg [-L/data/user/0/com.tom.rv2ide/files/home/android-sdk/ndk/28.2.13676358/toolchains/llvm/prebuilt/linux-arm64/sysroot/usr/lib/../lib] ==> dir [/data/user/0/com.tom.rv2ide/files/home/android-sdk/ndk/28.2.13676358/toolchains/llvm/prebuilt/linux-arm64/sysroot/usr/lib/../lib]
    arg [-L/data/user/0/com.tom.rv2ide/files/home/android-sdk/ndk/28.2.13676358/toolchains/llvm/prebuilt/linux-arm64/sysroot/usr/lib] ==> dir [/data/user/0/com.tom.rv2ide/files/home/android-sdk/ndk/28.2.13676358/toolchains/llvm/prebuilt/linux-arm64/sysroot/usr/lib]
    arg [--build-id=sha1] ==> ignore
    arg [--no-rosegment] ==> ignore
    arg [--no-undefined-version] ==> ignore
    arg [--fatal-warnings] ==> ignore
    arg [--no-undefined] ==> ignore
    arg [CMakeFiles/cmTC_dfb1f.dir/CMakeCXXCompilerABI.cpp.o] ==> ignore
    arg [-Bstatic] ==> search static
    arg [-lc++] ==> lib [c++]
    arg [-Bdynamic] ==> search dynamic
    arg [-lm] ==> lib [m]
    arg [/data/user/0/com.tom.rv2ide/files/home/android-sdk/ndk/28.2.13676358/toolchains/llvm/prebuilt/linux-arm64/lib/clang/19/lib/linux/libclang_rt.builtins-arm-android.a] ==> lib [/data/user/0/com.tom.rv2ide/files/home/android-sdk/ndk/28.2.13676358/toolchains/llvm/prebuilt/linux-arm64/lib/clang/19/lib/linux/libclang_rt.builtins-arm-android.a]
    arg [-l:libunwind.a] ==> lib [-l:libunwind.a]
    arg [-ldl] ==> lib [dl]
    arg [-lc] ==> lib [c]
    arg [/data/user/0/com.tom.rv2ide/files/home/android-sdk/ndk/28.2.13676358/toolchains/llvm/prebuilt/linux-arm64/lib/clang/19/lib/linux/libclang_rt.builtins-arm-android.a] ==> lib [/data/user/0/com.tom.rv2ide/files/home/android-sdk/ndk/28.2.13676358/toolchains/llvm/prebuilt/linux-arm64/lib/clang/19/lib/linux/libclang_rt.builtins-arm-android.a]
    arg [-l:libunwind.a] ==> lib [-l:libunwind.a]
    arg [-ldl] ==> lib [dl]
    arg [/data/user/0/com.tom.rv2ide/files/home/android-sdk/ndk/28.2.13676358/toolchains/llvm/prebuilt/linux-arm64/sysroot/usr/lib/arm-linux-androideabi/21/crtend_android.o] ==> obj [/data/user/0/com.tom.rv2ide/files/home/android-sdk/ndk/28.2.13676358/toolchains/llvm/prebuilt/linux-arm64/sysroot/usr/lib/arm-linux-androideabi/21/crtend_android.o]
  remove lib [/data/user/0/com.tom.rv2ide/files/home/android-sdk/ndk/28.2.13676358/toolchains/llvm/prebuilt/linux-arm64/lib/clang/19/lib/linux/libclang_rt.builtins-arm-android.a]
  remove lib [/data/user/0/com.tom.rv2ide/files/home/android-sdk/ndk/28.2.13676358/toolchains/llvm/prebuilt/linux-arm64/lib/clang/19/lib/linux/libclang_rt.builtins-arm-android.a]
  collapse library dir [/data/user/0/com.tom.rv2ide/files/home/android-sdk/ndk/28.2.13676358/toolchains/llvm/prebuilt/linux-arm64/lib/clang/19/lib/linux/arm] ==> [/data/user/0/com.tom.rv2ide/files/home/android-sdk/ndk/28.2.13676358/toolchains/llvm/prebuilt/linux-arm64/lib/clang/19/lib/linux/arm]
  collapse library dir [/data/user/0/com.tom.rv2ide/files/home/android-sdk/ndk/28.2.13676358/toolchains/llvm/prebuilt/linux-arm64/sysroot/usr/lib/arm-linux-androideabi/21] ==> [/data/user/0/com.tom.rv2ide/files/home/android-sdk/ndk/28.2.13676358/toolchains/llvm/prebuilt/linux-arm64/sysroot/usr/lib/arm-linux-androideabi/21]
  collapse library dir [/data/user/0/com.tom.rv2ide/files/home/android-sdk/ndk/28.2.13676358/toolchains/llvm/prebuilt/linux-arm64/sysroot/usr/lib/arm-linux-androideabi] ==> [/data/user/0/com.tom.rv2ide/files/home/android-sdk/ndk/28.2.13676358/toolchains/llvm/prebuilt/linux-arm64/sysroot/usr/lib/arm-linux-androideabi]
  collapse library dir [/data/user/0/com.tom.rv2ide/files/home/android-sdk/ndk/28.2.13676358/toolchains/llvm/prebuilt/linux-arm64/sysroot/usr/lib/../lib] ==> [/data/user/0/com.tom.rv2ide/files/home/android-sdk/ndk/28.2.13676358/toolchains/llvm/prebuilt/linux-arm64/sysroot/usr/lib]
  collapse library dir [/data/user/0/com.tom.rv2ide/files/home/android-sdk/ndk/28.2.13676358/toolchains/llvm/prebuilt/linux-arm64/sysroot/usr/lib] ==> [/data/user/0/com.tom.rv2ide/files/home/android-sdk/ndk/28.2.13676358/toolchains/llvm/prebuilt/linux-arm64/sysroot/usr/lib]
  implicit libs: [c++;m;-l:libunwind.a;dl;c;-l:libunwind.a;dl]
  implicit objs: [/data/user/0/com.tom.rv2ide/files/home/android-sdk/ndk/28.2.13676358/toolchains/llvm/prebuilt/linux-arm64/sysroot/usr/lib/arm-linux-androideabi/21/crtbegin_dynamic.o;/data/user/0/com.tom.rv2ide/files/home/android-sdk/ndk/28.2.13676358/toolchains/llvm/prebuilt/linux-arm64/sysroot/usr/lib/arm-linux-androideabi/21/crtend_android.o]
  implicit dirs: [/data/user/0/com.tom.rv2ide/files/home/android-sdk/ndk/28.2.13676358/toolchains/llvm/prebuilt/linux-arm64/lib/clang/19/lib/linux/arm;/data/user/0/com.tom.rv2ide/files/home/android-sdk/ndk/28.2.13676358/toolchains/llvm/prebuilt/linux-arm64/sysroot/usr/lib/arm-linux-androideabi/21;/data/user/0/com.tom.rv2ide/files/home/android-sdk/ndk/28.2.13676358/toolchains/llvm/prebuilt/linux-arm64/sysroot/usr/lib/arm-linux-androideabi;/data/user/0/com.tom.rv2ide/files/home/android-sdk/ndk/28.2.13676358/toolchains/llvm/prebuilt/linux-arm64/sysroot/usr/lib]
  implicit fwks: []


